ADJACENCY MATRIX: 
0 1 0 0 0 1 0 0 0 0 0 
1 0 1 0 1 0 0 0 0 0 0 
0 1 0 1 0 0 0 0 0 0 0 
0 0 1 0 1 0 0 0 0 0 0 
0 1 0 1 0 0 0 0 0 0 0 
1 0 0 0 0 0 1 0 0 0 1 
0 0 0 0 0 1 0 1 0 0 0 
0 0 0 0 0 0 1 0 1 0 0 
0 0 0 0 0 0 0 1 0 1 0 
0 0 0 0 0 0 0 0 1 0 1 
0 0 0 0 0 1 0 0 0 1 0 
CONFIGS BY RINGS: 
2
0 2 1 1 
2 1 1 1 1 0 
GAME PERIOD = 6
THE ENCOUNTERED CONFIGURATIONS SO FAR:
2 0 2 1 1 2 1 1 1 1 0 
0 2 0 2 1 3 1 1 1 1 0 
1 2 1 0 2 0 2 1 1 1 1 
1 3 1 1 0 1 0 2 1 1 1 
2 0 2 1 1 1 1 0 2 1 1 
0 2 0 2 1 2 1 1 0 2 1 
0 2 1 0 2 2 1 1 1 0 2 
0 3 1 1 0 3 1 1 1 1 0 
2 0 2 1 1 0 2 1 1 1 1 
0 2 0 2 1 2 0 2 1 1 1 
0 2 1 0 2 2 1 0 2 1 1 
0 3 1 1 0 2 1 1 0 2 1 
1 0 2 1 1 2 1 1 1 0 2 
1 1 0 2 1 3 1 1 1 1 0 
2 1 1 0 2 0 2 1 1 1 1 
0 3 1 1 0 2 0 2 1 1 1 
1 0 2 1 1 2 1 0 2 1 1 
1 1 0 2 1 2 1 1 0 2 1 
1 1 1 0 2 2 1 1 1 0 2 
1 2 1 1 0 3 1 1 1 1 0 
2 2 1 1 0 0 2 1 1 1 1 
0 3 1 1 0 2 0 2 1 1 1 
THE FIRING VERTICES SO FAR:
1 0 1 0 0 0 0 0 0 0 0 
0 0 0 1 0 1 0 0 0 0 0 
0 0 0 0 1 0 1 0 0 0 0 
0 1 0 0 0 0 0 1 0 0 0 
1 0 1 0 0 0 0 0 1 0 0 
0 0 0 1 0 0 0 0 0 1 0 
0 0 0 0 1 0 0 0 0 0 1 
0 1 0 0 0 1 0 0 0 0 0 
1 0 1 0 0 0 1 0 0 0 0 
0 0 0 1 0 0 0 1 0 0 0 
0 0 0 0 1 0 0 0 1 0 0 
0 1 0 0 0 0 0 0 0 1 0 
0 0 1 0 0 0 0 0 0 0 1 
0 0 0 1 0 1 0 0 0 0 0 
1 0 0 0 1 0 1 0 0 0 0 
0 1 0 0 0 0 0 1 0 0 0 
0 0 1 0 0 0 0 0 1 0 0 
0 0 0 1 0 0 0 0 0 1 0 
0 0 0 0 1 0 0 0 0 0 1 
0 0 0 0 0 1 0 0 0 0 0 
1 0 0 0 0 0 1 0 0 0 0 
